TN:
SF:src/redux/slices/authSlice.ts
FN:63,isAuthenticated
FN:98,setUser
FN:101,clearUser
FNF:3
FNH:3
FNDA:1,isAuthenticated
FNDA:1,setUser
FNDA:1,clearUser
DA:1,1
DA:2,1
DA:3,1
DA:4,1
DA:5,1
DA:6,1
DA:7,1
DA:8,1
DA:9,1
DA:10,1
DA:11,1
DA:12,1
DA:13,1
DA:14,1
DA:15,1
DA:16,1
DA:17,1
DA:18,1
DA:19,1
DA:20,1
DA:21,1
DA:22,1
DA:23,1
DA:24,1
DA:25,1
DA:26,1
DA:27,1
DA:28,1
DA:29,1
DA:30,1
DA:31,1
DA:32,2
DA:33,2
DA:34,2
DA:35,2
DA:36,1
DA:37,1
DA:38,1
DA:39,1
DA:40,1
DA:41,1
DA:42,1
DA:43,1
DA:44,1
DA:45,1
DA:46,1
DA:47,1
DA:48,1
DA:49,1
DA:50,1
DA:51,2
DA:52,1
DA:53,1
DA:54,1
DA:55,1
DA:56,1
DA:57,1
DA:58,1
DA:59,1
DA:60,1
DA:61,1
DA:62,1
DA:63,1
DA:64,1
DA:65,1
DA:66,1
DA:67,1
DA:68,1
DA:69,1
DA:70,1
DA:71,1
DA:72,1
DA:73,1
DA:74,1
DA:75,1
DA:76,1
DA:77,1
DA:78,1
DA:79,1
DA:80,1
DA:81,1
DA:82,1
DA:83,1
DA:84,1
DA:85,1
DA:86,1
DA:87,1
DA:88,1
DA:89,1
DA:90,1
DA:91,1
DA:92,1
DA:93,1
DA:94,1
DA:95,1
DA:96,1
DA:97,1
DA:98,1
DA:99,1
DA:100,1
DA:101,1
DA:102,1
DA:103,1
DA:104,1
DA:105,1
DA:106,1
DA:107,1
DA:108,1
LF:108
LH:108
BRDA:30,0,0,1
BRDA:31,1,0,2
BRDA:36,2,0,2
BRDA:49,3,0,1
BRDA:50,4,0,2
BRDA:52,5,0,2
BRDA:63,6,0,1
BRDA:98,7,0,1
BRDA:101,8,0,1
BRF:9
BRH:9
end_of_record
TN:
SF:src/services/atp/auth.ts
FN:10,signupWithATP
FN:10,_signupWithATP
FN:27,loginWithATP
FN:36,_loginWithATP
FNF:4
FNH:4
FNDA:4,signupWithATP
FNDA:1,_signupWithATP
FNDA:4,loginWithATP
FNDA:1,_loginWithATP
DA:1,1
DA:2,1
DA:3,1
DA:4,1
DA:5,1
DA:6,1
DA:7,1
DA:8,1
DA:9,1
DA:10,1
DA:11,4
DA:12,4
DA:13,4
DA:14,4
DA:15,4
DA:16,2
DA:17,2
DA:18,2
DA:19,2
DA:20,2
DA:21,2
DA:22,2
DA:23,2
DA:24,2
DA:25,2
DA:26,2
DA:27,4
DA:28,4
DA:29,4
DA:30,4
DA:31,4
DA:32,4
DA:33,4
DA:34,4
DA:35,4
DA:36,1
DA:37,4
DA:38,2
DA:39,2
DA:40,2
DA:41,2
DA:42,2
DA:43,2
DA:44,2
DA:45,2
DA:46,2
DA:47,2
LF:47
LH:47
BRDA:10,0,0,4
BRDA:10,1,0,1
BRDA:10,2,0,4
BRDA:15,3,0,2
BRDA:15,4,0,2
BRDA:27,5,0,4
BRDA:36,6,0,1
BRDA:36,7,0,4
BRDA:37,8,0,2
BRDA:37,9,0,2
BRF:10
BRH:10
end_of_record
